f:\quick-cocos2dx-community\cocos\editor-support\spine\proj.win32\debug.win32\vc120.pdb
f:\quick-cocos2dx-community\cocos\editor-support\spine\proj.win32\debug.win32\cocos2dattachmentloader.obj
f:\quick-cocos2dx-community\cocos\editor-support\spine\proj.win32\debug.win32\skeletonrenderer.obj
f:\quick-cocos2dx-community\cocos\editor-support\spine\proj.win32\debug.win32\skeletonbatch.obj
f:\quick-cocos2dx-community\cocos\editor-support\spine\proj.win32\debug.win32\spine-cocos2dx.obj
f:\quick-cocos2dx-community\cocos\editor-support\spine\proj.win32\debug.win32\skeletonanimation.obj
f:\quick-cocos2dx-community\cocos\editor-support\spine\proj.win32\debug.win32\attachmentvertices.obj
f:\quick-cocos2dx-community\quick\player\proj.win32\debug.win32\libspine.lib
f:\quick-cocos2dx-community\cocos\editor-support\spine\proj.win32\debug.win32\animation.obj
f:\quick-cocos2dx-community\cocos\editor-support\spine\proj.win32\debug.win32\animationstate.obj
f:\quick-cocos2dx-community\cocos\editor-support\spine\proj.win32\debug.win32\animationstatedata.obj
f:\quick-cocos2dx-community\cocos\editor-support\spine\proj.win32\debug.win32\atlas.obj
f:\quick-cocos2dx-community\cocos\editor-support\spine\proj.win32\debug.win32\atlasattachmentloader.obj
f:\quick-cocos2dx-community\cocos\editor-support\spine\proj.win32\debug.win32\attachment.obj
f:\quick-cocos2dx-community\cocos\editor-support\spine\proj.win32\debug.win32\attachmentloader.obj
f:\quick-cocos2dx-community\cocos\editor-support\spine\proj.win32\debug.win32\bone.obj
f:\quick-cocos2dx-community\cocos\editor-support\spine\proj.win32\debug.win32\bonedata.obj
f:\quick-cocos2dx-community\cocos\editor-support\spine\proj.win32\debug.win32\boundingboxattachment.obj
f:\quick-cocos2dx-community\cocos\editor-support\spine\proj.win32\debug.win32\event.obj
f:\quick-cocos2dx-community\cocos\editor-support\spine\proj.win32\debug.win32\eventdata.obj
f:\quick-cocos2dx-community\cocos\editor-support\spine\proj.win32\debug.win32\extension.obj
f:\quick-cocos2dx-community\cocos\editor-support\spine\proj.win32\debug.win32\ikconstraint.obj
f:\quick-cocos2dx-community\cocos\editor-support\spine\proj.win32\debug.win32\ikconstraintdata.obj
f:\quick-cocos2dx-community\cocos\editor-support\spine\proj.win32\debug.win32\json.obj
f:\quick-cocos2dx-community\cocos\editor-support\spine\proj.win32\debug.win32\meshattachment.obj
f:\quick-cocos2dx-community\cocos\editor-support\spine\proj.win32\debug.win32\pathattachment.obj
f:\quick-cocos2dx-community\cocos\editor-support\spine\proj.win32\debug.win32\pathconstraint.obj
f:\quick-cocos2dx-community\cocos\editor-support\spine\proj.win32\debug.win32\pathconstraintdata.obj
f:\quick-cocos2dx-community\cocos\editor-support\spine\proj.win32\debug.win32\regionattachment.obj
f:\quick-cocos2dx-community\cocos\editor-support\spine\proj.win32\debug.win32\skeleton.obj
f:\quick-cocos2dx-community\cocos\editor-support\spine\proj.win32\debug.win32\skeletonbinary.obj
f:\quick-cocos2dx-community\cocos\editor-support\spine\proj.win32\debug.win32\skeletonbounds.obj
f:\quick-cocos2dx-community\cocos\editor-support\spine\proj.win32\debug.win32\skeletondata.obj
f:\quick-cocos2dx-community\cocos\editor-support\spine\proj.win32\debug.win32\skeletonjson.obj
f:\quick-cocos2dx-community\cocos\editor-support\spine\proj.win32\debug.win32\skin.obj
f:\quick-cocos2dx-community\cocos\editor-support\spine\proj.win32\debug.win32\slot.obj
f:\quick-cocos2dx-community\cocos\editor-support\spine\proj.win32\debug.win32\slotdata.obj
f:\quick-cocos2dx-community\cocos\editor-support\spine\proj.win32\debug.win32\transformconstraint.obj
f:\quick-cocos2dx-community\cocos\editor-support\spine\proj.win32\debug.win32\transformconstraintdata.obj
f:\quick-cocos2dx-community\cocos\editor-support\spine\proj.win32\debug.win32\vertexattachment.obj
f:\quick-cocos2dx-community\cocos\editor-support\spine\proj.win32\debug.win32\vc120.idb
f:\quick-cocos2dx-community\cocos\editor-support\spine\proj.win32\debug.win32\libspine.tlog\cl.command.1.tlog
f:\quick-cocos2dx-community\cocos\editor-support\spine\proj.win32\debug.win32\libspine.tlog\cl.read.1.tlog
f:\quick-cocos2dx-community\cocos\editor-support\spine\proj.win32\debug.win32\libspine.tlog\cl.write.1.tlog
f:\quick-cocos2dx-community\cocos\editor-support\spine\proj.win32\debug.win32\libspine.tlog\lib-link.read.1.tlog
f:\quick-cocos2dx-community\cocos\editor-support\spine\proj.win32\debug.win32\libspine.tlog\lib-link.write.1.tlog
f:\quick-cocos2dx-community\cocos\editor-support\spine\proj.win32\debug.win32\libspine.tlog\lib.command.1.tlog
