Quick-Cocos2dx-Community C++ support ready.

------------------------------------------------

LOAD LUA FILE: F:/Quick-Cocos2dx-Community/quick/samples/ui/src/main.lua

------------------------------------------------

[LUA-print] ===========================================================

[LUA-print]               LOAD QUICK FRAMEWORK

[LUA-print] ===========================================================

[LUA-print] [INFO] 

[LUA-print] [INFO] # DEBUG                        = 1

[LUA-print] [INFO] #

[LUA-print] [INFO] # device.platform              = windows

[LUA-print] [INFO] # device.model                 = unknown

[LUA-print] [INFO] # device.language              = cn

[LUA-print] [INFO] # device.writablePath          = F:\Quick-Cocos2dx-Community\quick\samples\ui\

[LUA-print] [INFO] # device.directorySeparator    = \

[LUA-print] [INFO] # device.pathSeparator         = ;

[LUA-print] [INFO] #

[LUA-print] [INFO] # CONFIG_SCREEN_AUTOSCALE      = FIXED_HEIGHT

[LUA-print] [INFO] # CONFIG_SCREEN_WIDTH          = 960.00

[LUA-print] [INFO] # CONFIG_SCREEN_HEIGHT         = 640.00

[LUA-print] [INFO] # display.widthInPixels        = 960.00

[LUA-print] [INFO] # display.heightInPixels       = 640.00

[LUA-print] [INFO] # display.contentScaleFactor   = 1.00

[LUA-print] [INFO] # display.width                = 960.00

[LUA-print] [INFO] # display.height               = 640.00

[LUA-print] [INFO] # display.cx                   = 480.00

[LUA-print] [INFO] # display.cy                   = 320.00

[LUA-print] [INFO] # display.left                 = 0.00

[LUA-print] [INFO] # display.right                = 960.00

[LUA-print] [INFO] # display.top                  = 640.00

[LUA-print] [INFO] # display.bottom               = 0.00

[LUA-print] [INFO] # display.c_left               = -480.00

[LUA-print] [INFO] # display.c_right              = 480.00

[LUA-print] [INFO] # display.c_top                = 320.00

[LUA-print] [INFO] # display.c_bottom             = -320.00

[LUA-print] [INFO] #

[LUA-print] Option 4 selected, Option 0 unselected

[LUA-print] dump from: [string "F:/Quick-Cocos2dx-Community/quick/samples/ui/src/app/scenes/TestUIPageViewScene.lua"]:60: in function 'touchListener'

[LUA-print] - "TestUIPageViewScene - event:" = {

[LUA-print] -     "name"     = "pageChange"

[LUA-print] -     "pageIdx"  = 2

[LUA-print] -     "pageView" = userdata: 0x06aa75b8

[LUA-print] - }

[LUA-print] dump from: [string "F:/Quick-Cocos2dx-Community/quick/samples/ui/src/app/scenes/TestUIPageViewScene.lua"]:60: in function 'touchListener'

[LUA-print] - "TestUIPageViewScene - event:" = {

[LUA-print] -     "item"     = userdata: 0x06aab188

[LUA-print] -     "itemIdx"  = 11

[LUA-print] -     "name"     = "clicked"

[LUA-print] -     "pageIdx"  = 2

[LUA-print] -     "pageView" = userdata: 0x06aa75b8

[LUA-print] - }

[LUA-print] dump from: [string "F:/Quick-Cocos2dx-Community/quick/samples/ui/src/app/scenes/TestUIPageViewScene.lua"]:60: in function 'touchListener'

[LUA-print] - "TestUIPageViewScene - event:" = {

[LUA-print] -     "name"     = "pageChange"

[LUA-print] -     "pageIdx"  = 2

[LUA-print] -     "pageView" = userdata: 0x06aa75b8

[LUA-print] - }

[LUA-print] dump from: [string "F:/Quick-Cocos2dx-Community/quick/samples/ui/src/app/scenes/TestUIPageViewScene.lua"]:60: in function 'touchListener'

[LUA-print] - "TestUIPageViewScene - event:" = {

[LUA-print] -     "item"     = userdata: 0x06aab188

[LUA-print] -     "itemIdx"  = 11

[LUA-print] -     "name"     = "clicked"

[LUA-print] -     "pageIdx"  = 2

[LUA-print] -     "pageView" = userdata: 0x06aa75b8

[LUA-print] - }

[LUA-print] dump from: [string "F:/Quick-Cocos2dx-Community/quick/samples/ui/src/app/scenes/TestUIPageViewScene.lua"]:60: in function 'touchListener'

[LUA-print] - "TestUIPageViewScene - event:" = {

[LUA-print] -     "name"     = "pageChange"

[LUA-print] -     "pageIdx"  = 2

[LUA-print] -     "pageView" = userdata: 0x06aa75b8

[LUA-print] - }

